<?xml version="1.0" encoding="UTF-8"?>
<!-- Generated by org.testng.reporters.JUnitXMLReporter -->
<testsuite ignored="0" hostname="Vishman" failures="0" tests="7" name="Default test" time="0.186" errors="0" timestamp="2024-07-29T08:01:21 IST">
  <testcase classname="basicTestNG.BasicAnnotation" name="testcase01" time="0.015"/>
  <testcase classname="basicTestNG.BasicAnnotation" name="testcase02" time="0.003"/>
  <testcase classname="basicTestNG.BasicAnnotation" name="testcase03" time="0.004"/>
  <testcase classname="basicTestNG.BasicAnnotation" name="testcase04" time="0.001"/>
  <testcase classname="basicTestNG.BasicAnnotation" name="testcase05" time="0.002"/>
  <testcase classname="basicTestNG.BasicAnnotation" name="testcase06" time="0.012"/>
  <testcase classname="basicTestNG.BasicAnnotation" name="testcase10" time="0.002"/>
</testsuite> <!-- Default test -->
