<?xml version="1.0" encoding="UTF-8"?>
<testng-results ignored="0" total="7" passed="7" failed="0" skipped="0">
  <reporter-output>
  </reporter-output>
  <suite started-at="2024-07-29T08:01:21 IST" name="Default suite" finished-at="2024-07-29T08:01:21 IST" duration-ms="186">
    <groups>
    </groups>
    <test started-at="2024-07-29T08:01:21 IST" name="Default test" finished-at="2024-07-29T08:01:21 IST" duration-ms="186">
      <class name="basicTestNG.BasicAnnotation">
        <test-method signature="testcase01()[pri:0, instance:basicTestNG.BasicAnnotation@4f83df68]" started-at="2024-07-29T08:01:21 IST" name="testcase01" finished-at="2024-07-29T08:01:21 IST" duration-ms="15" status="PASS">
          <reporter-output>
          </reporter-output>
        </test-method> <!-- testcase01 -->
        <test-method signature="testcase02()[pri:0, instance:basicTestNG.BasicAnnotation@4f83df68]" started-at="2024-07-29T08:01:21 IST" name="testcase02" finished-at="2024-07-29T08:01:21 IST" duration-ms="3" status="PASS">
          <reporter-output>
          </reporter-output>
        </test-method> <!-- testcase02 -->
        <test-method signature="testcase03()[pri:0, instance:basicTestNG.BasicAnnotation@4f83df68]" started-at="2024-07-29T08:01:21 IST" name="testcase03" finished-at="2024-07-29T08:01:21 IST" duration-ms="4" status="PASS">
          <reporter-output>
          </reporter-output>
        </test-method> <!-- testcase03 -->
        <test-method signature="testcase04()[pri:0, instance:basicTestNG.BasicAnnotation@4f83df68]" started-at="2024-07-29T08:01:21 IST" name="testcase04" finished-at="2024-07-29T08:01:21 IST" duration-ms="1" status="PASS">
          <reporter-output>
          </reporter-output>
        </test-method> <!-- testcase04 -->
        <test-method signature="testcase05()[pri:0, instance:basicTestNG.BasicAnnotation@4f83df68]" started-at="2024-07-29T08:01:21 IST" name="testcase05" finished-at="2024-07-29T08:01:21 IST" duration-ms="2" status="PASS">
          <reporter-output>
          </reporter-output>
        </test-method> <!-- testcase05 -->
        <test-method signature="testcase06()[pri:0, instance:basicTestNG.BasicAnnotation@4f83df68]" started-at="2024-07-29T08:01:21 IST" name="testcase06" finished-at="2024-07-29T08:01:21 IST" duration-ms="12" status="PASS">
          <reporter-output>
          </reporter-output>
        </test-method> <!-- testcase06 -->
        <test-method signature="testcase10()[pri:0, instance:basicTestNG.BasicAnnotation@4f83df68]" started-at="2024-07-29T08:01:21 IST" name="testcase10" finished-at="2024-07-29T08:01:21 IST" duration-ms="2" status="PASS">
          <reporter-output>
          </reporter-output>
        </test-method> <!-- testcase10 -->
      </class> <!-- basicTestNG.BasicAnnotation -->
    </test> <!-- Default test -->
  </suite> <!-- Default suite -->
</testng-results>
